INFO 2020/03/10 21:42:53 Using config file: 
INFO 2020/03/10 21:42:53 removing all files from destination that don't exist in static dirs
INFO 2020/03/10 21:42:53 syncing static files to M:\HugoSample\HugoSample\public\
ERROR 2020/03/10 21:44:07 render of "page" failed: execute of template failed: template: photo/single.html:3:3: executing "photo/single.html" at <partial "meta" .>: error calling partial: execute of template failed: template: partials/meta.html:44:3: executing "partials/meta.html" at <partial "js/fancybox" .>: error calling partial: "M:\HugoSample\HugoSample\themes\photon\layouts\partials\js\fancybox.html:1:56": execute of template failed: template: partials/js/fancybox.html:1:56: executing "partials/js/fancybox.html" at <minify>: wrong type for value; expected resources.ResourceTransformer; got resource.Resource
ERROR 2020/03/10 21:44:07 render of "page" failed: execute of template failed: template: photo/gallery.html:3:3: executing "photo/gallery.html" at <partial "meta" .>: error calling partial: execute of template failed: template: partials/meta.html:44:3: executing "partials/meta.html" at <partial "js/fancybox" .>: error calling partial: "M:\HugoSample\HugoSample\themes\photon\layouts\partials\js\fancybox.html:1:56": execute of template failed: template: partials/js/fancybox.html:1:56: executing "partials/js/fancybox.html" at <minify>: wrong type for value; expected resources.ResourceTransformer; got resource.Resource
ERROR 2020/03/10 21:44:07 render of "page" failed: execute of template failed: template: photo/panorama.html:3:3: executing "photo/panorama.html" at <partial "meta" .>: error calling partial: execute of template failed: template: partials/meta.html:44:3: executing "partials/meta.html" at <partial "js/fancybox" .>: error calling partial: "M:\HugoSample\HugoSample\themes\photon\layouts\partials\js\fancybox.html:1:56": execute of template failed: template: partials/js/fancybox.html:1:56: executing "partials/js/fancybox.html" at <minify>: wrong type for value; expected resources.ResourceTransformer; got resource.Resource
ERROR 2020/03/10 21:44:07 render of "page" failed: execute of template failed: template: photo/gallery.html:3:3: executing "photo/gallery.html" at <partial "meta" .>: error calling partial: execute of template failed: template: partials/meta.html:44:3: executing "partials/meta.html" at <partial "js/fancybox" .>: error calling partial: "M:\HugoSample\HugoSample\themes\photon\layouts\partials\js\fancybox.html:1:56": execute of template failed: template: partials/js/fancybox.html:1:56: executing "partials/js/fancybox.html" at <minify>: wrong type for value; expected resources.ResourceTransformer; got resource.Resource
INFO 2020/03/10 21:45:02 Using config file: 
INFO 2020/03/10 21:45:02 removing all files from destination that don't exist in static dirs
INFO 2020/03/10 21:45:02 syncing static files to M:\HugoSample\HugoSample\
ERROR 2020/03/10 21:45:03 render of "page" failed: execute of template failed: template: photo/single.html:3:3: executing "photo/single.html" at <partial "meta" .>: error calling partial: execute of template failed: template: partials/meta.html:42:3: executing "partials/meta.html" at <partial "js/fancybox" .>: error calling partial: "M:\HugoSample\HugoSample\themes\photon\layouts\partials\js\fancybox.html:1:56": execute of template failed: template: partials/js/fancybox.html:1:56: executing "partials/js/fancybox.html" at <minify>: wrong type for value; expected resources.ResourceTransformer; got resource.Resource
ERROR 2020/03/10 21:45:03 render of "section" failed: execute of template failed: template: _default/list.html:3:3: executing "_default/list.html" at <partial "meta" .>: error calling partial: execute of template failed: template: partials/meta.html:42:3: executing "partials/meta.html" at <partial "js/fancybox" .>: error calling partial: "M:\HugoSample\HugoSample\themes\photon\layouts\partials\js\fancybox.html:1:56": execute of template failed: template: partials/js/fancybox.html:1:56: executing "partials/js/fancybox.html" at <minify>: wrong type for value; expected resources.ResourceTransformer; got resource.Resource
ERROR 2020/03/10 21:45:03 render of "page" failed: execute of template failed: template: photo/panorama.html:3:3: executing "photo/panorama.html" at <partial "meta" .>: error calling partial: execute of template failed: template: partials/meta.html:42:3: executing "partials/meta.html" at <partial "js/fancybox" .>: error calling partial: "M:\HugoSample\HugoSample\themes\photon\layouts\partials\js\fancybox.html:1:56": execute of template failed: template: partials/js/fancybox.html:1:56: executing "partials/js/fancybox.html" at <minify>: wrong type for value; expected resources.ResourceTransformer; got resource.Resource
ERROR 2020/03/10 21:45:03 render of "page" failed: execute of template failed: template: photo/gallery.html:3:3: executing "photo/gallery.html" at <partial "meta" .>: error calling partial: execute of template failed: template: partials/meta.html:42:3: executing "partials/meta.html" at <partial "js/fancybox" .>: error calling partial: "M:\HugoSample\HugoSample\themes\photon\layouts\partials\js\fancybox.html:1:56": execute of template failed: template: partials/js/fancybox.html:1:56: executing "partials/js/fancybox.html" at <minify>: wrong type for value; expected resources.ResourceTransformer; got resource.Resource
LOG:   2020/03/10 21:45:03 Built in 1084 ms
INFO 2020/03/10 21:45:56 Using config file: 
INFO 2020/03/10 21:45:56 removing all files from destination that don't exist in static dirs
INFO 2020/03/10 21:45:56 syncing static files to M:\HugoSample\HugoSample\
ERROR 2020/03/10 21:45:57 render of "page" failed: execute of template failed: template: photo/single.html:3:3: executing "photo/single.html" at <partial "meta" .>: error calling partial: execute of template failed: template: partials/meta.html:42:3: executing "partials/meta.html" at <partial "js/fancybox" .>: error calling partial: "M:\HugoSample\HugoSample\themes\photon\layouts\partials\js\fancybox.html:1:56": execute of template failed: template: partials/js/fancybox.html:1:56: executing "partials/js/fancybox.html" at <minify>: wrong type for value; expected resources.ResourceTransformer; got resource.Resource
ERROR 2020/03/10 21:45:57 render of "section" failed: execute of template failed: template: _default/list.html:3:3: executing "_default/list.html" at <partial "meta" .>: error calling partial: execute of template failed: template: partials/meta.html:42:3: executing "partials/meta.html" at <partial "js/fancybox" .>: error calling partial: "M:\HugoSample\HugoSample\themes\photon\layouts\partials\js\fancybox.html:1:56": execute of template failed: template: partials/js/fancybox.html:1:56: executing "partials/js/fancybox.html" at <minify>: wrong type for value; expected resources.ResourceTransformer; got resource.Resource
ERROR 2020/03/10 21:45:57 render of "page" failed: execute of template failed: template: photo/panorama.html:3:3: executing "photo/panorama.html" at <partial "meta" .>: error calling partial: execute of template failed: template: partials/meta.html:42:3: executing "partials/meta.html" at <partial "js/fancybox" .>: error calling partial: "M:\HugoSample\HugoSample\themes\photon\layouts\partials\js\fancybox.html:1:56": execute of template failed: template: partials/js/fancybox.html:1:56: executing "partials/js/fancybox.html" at <minify>: wrong type for value; expected resources.ResourceTransformer; got resource.Resource
ERROR 2020/03/10 21:45:57 render of "page" failed: execute of template failed: template: photo/gallery.html:3:3: executing "photo/gallery.html" at <partial "meta" .>: error calling partial: execute of template failed: template: partials/meta.html:42:3: executing "partials/meta.html" at <partial "js/fancybox" .>: error calling partial: "M:\HugoSample\HugoSample\themes\photon\layouts\partials\js\fancybox.html:1:56": execute of template failed: template: partials/js/fancybox.html:1:56: executing "partials/js/fancybox.html" at <minify>: wrong type for value; expected resources.ResourceTransformer; got resource.Resource
LOG:   2020/03/10 21:45:57 Built in 1106 ms
INFO 2020/03/10 21:47:17 Using config file: 
INFO 2020/03/10 21:47:17 removing all files from destination that don't exist in static dirs
INFO 2020/03/10 21:47:17 syncing static files to M:\HugoSample\HugoSample\
ERROR 2020/03/10 21:47:18 render of "page" failed: execute of template failed: template: photo/single.html:3:3: executing "photo/single.html" at <partial "meta" .>: error calling partial: execute of template failed: template: partials/meta.html:42:3: executing "partials/meta.html" at <partial "js/fancybox" .>: error calling partial: "M:\HugoSample\HugoSample\themes\photon\layouts\partials\js\fancybox.html:1:56": execute of template failed: template: partials/js/fancybox.html:1:56: executing "partials/js/fancybox.html" at <minify>: wrong type for value; expected resources.ResourceTransformer; got resource.Resource
ERROR 2020/03/10 21:47:18 render of "section" failed: execute of template failed: template: _default/list.html:3:3: executing "_default/list.html" at <partial "meta" .>: error calling partial: execute of template failed: template: partials/meta.html:42:3: executing "partials/meta.html" at <partial "js/fancybox" .>: error calling partial: "M:\HugoSample\HugoSample\themes\photon\layouts\partials\js\fancybox.html:1:56": execute of template failed: template: partials/js/fancybox.html:1:56: executing "partials/js/fancybox.html" at <minify>: wrong type for value; expected resources.ResourceTransformer; got resource.Resource
ERROR 2020/03/10 21:47:18 render of "page" failed: execute of template failed: template: photo/panorama.html:3:3: executing "photo/panorama.html" at <partial "meta" .>: error calling partial: execute of template failed: template: partials/meta.html:42:3: executing "partials/meta.html" at <partial "js/fancybox" .>: error calling partial: "M:\HugoSample\HugoSample\themes\photon\layouts\partials\js\fancybox.html:1:56": execute of template failed: template: partials/js/fancybox.html:1:56: executing "partials/js/fancybox.html" at <minify>: wrong type for value; expected resources.ResourceTransformer; got resource.Resource
ERROR 2020/03/10 21:47:18 render of "page" failed: execute of template failed: template: photo/gallery.html:3:3: executing "photo/gallery.html" at <partial "meta" .>: error calling partial: execute of template failed: template: partials/meta.html:42:3: executing "partials/meta.html" at <partial "js/fancybox" .>: error calling partial: "M:\HugoSample\HugoSample\themes\photon\layouts\partials\js\fancybox.html:1:56": execute of template failed: template: partials/js/fancybox.html:1:56: executing "partials/js/fancybox.html" at <minify>: wrong type for value; expected resources.ResourceTransformer; got resource.Resource
LOG:   2020/03/10 21:47:18 Built in 1087 ms
INFO 2020/03/10 21:49:04 Using config file: 
INFO 2020/03/10 21:49:04 removing all files from destination that don't exist in static dirs
INFO 2020/03/10 21:49:04 syncing static files to M:\HugoSample\HugoSample\
ERROR 2020/03/10 21:49:05 render of "page" failed: execute of template failed: template: photo/gallery.html:3:3: executing "photo/gallery.html" at <partial "meta" .>: error calling partial: execute of template failed: template: partials/meta.html:44:3: executing "partials/meta.html" at <partial "js/fancybox" .>: error calling partial: "M:\HugoSample\HugoSample\themes\photon\layouts\partials\js\fancybox.html:1:56": execute of template failed: template: partials/js/fancybox.html:1:56: executing "partials/js/fancybox.html" at <minify>: wrong type for value; expected resources.ResourceTransformer; got resource.Resource
ERROR 2020/03/10 21:49:05 render of "section" failed: execute of template failed: template: _default/list.html:3:3: executing "_default/list.html" at <partial "meta" .>: error calling partial: execute of template failed: template: partials/meta.html:44:3: executing "partials/meta.html" at <partial "js/fancybox" .>: error calling partial: "M:\HugoSample\HugoSample\themes\photon\layouts\partials\js\fancybox.html:1:56": execute of template failed: template: partials/js/fancybox.html:1:56: executing "partials/js/fancybox.html" at <minify>: wrong type for value; expected resources.ResourceTransformer; got resource.Resource
ERROR 2020/03/10 21:49:05 render of "page" failed: execute of template failed: template: photo/panorama.html:3:3: executing "photo/panorama.html" at <partial "meta" .>: error calling partial: execute of template failed: template: partials/meta.html:44:3: executing "partials/meta.html" at <partial "js/fancybox" .>: error calling partial: "M:\HugoSample\HugoSample\themes\photon\layouts\partials\js\fancybox.html:1:56": execute of template failed: template: partials/js/fancybox.html:1:56: executing "partials/js/fancybox.html" at <minify>: wrong type for value; expected resources.ResourceTransformer; got resource.Resource
ERROR 2020/03/10 21:49:05 render of "page" failed: execute of template failed: template: photo/gallery.html:3:3: executing "photo/gallery.html" at <partial "meta" .>: error calling partial: execute of template failed: template: partials/meta.html:44:3: executing "partials/meta.html" at <partial "js/fancybox" .>: error calling partial: "M:\HugoSample\HugoSample\themes\photon\layouts\partials\js\fancybox.html:1:56": execute of template failed: template: partials/js/fancybox.html:1:56: executing "partials/js/fancybox.html" at <minify>: wrong type for value; expected resources.ResourceTransformer; got resource.Resource
LOG:   2020/03/10 21:49:05 Built in 1098 ms
INFO 2020/03/10 21:49:58 Using config file: 
INFO 2020/03/10 21:49:58 removing all files from destination that don't exist in static dirs
INFO 2020/03/10 21:49:58 syncing static files to M:\HugoSample\HugoSample\
LOG:   2020/03/10 21:50:00 Built in 1857 ms
LOG:   2020/03/10 21:50:00 Watching for config changes in M:\HugoSample\HugoSample\config\_default
INFO 2020/03/10 21:50:50 Received System Events: ["M:\\HugoSample\\HugoSample\\themes\\photon\\assets\\css\\print.css": WRITE "M:\\HugoSample\\HugoSample\\themes\\photon\\assets\\css\\print.css": WRITE "M:\\HugoSample\\HugoSample\\themes\\photon\\assets\\css\\print.css": WRITE "M:\\HugoSample\\HugoSample\\themes\\photon\\assets\\css\\tachyons.css": WRITE "M:\\HugoSample\\HugoSample\\themes\\photon\\assets\\css\\tachyons.css": WRITE "M:\\HugoSample\\HugoSample\\themes\\photon\\assets\\css\\tachyons.css": WRITE "M:\\HugoSample\\HugoSample\\themes\\photon\\assets\\css\\tachyons.min.css": WRITE "M:\\HugoSample\\HugoSample\\themes\\photon\\assets\\css\\tachyons.min.css": WRITE "M:\\HugoSample\\HugoSample\\themes\\photon\\assets\\css\\tachyons.min.css": WRITE "M:\\HugoSample\\HugoSample\\themes\\photon\\assets\\css\\atom.css": WRITE "M:\\HugoSample\\HugoSample\\themes\\photon\\assets\\css\\atom.css": WRITE "M:\\HugoSample\\HugoSample\\themes\\photon\\assets\\css\\atom.css": WRITE "M:\\HugoSample\\HugoSample\\themes\\photon\\assets\\css\\awesome.css": WRITE "M:\\HugoSample\\HugoSample\\themes\\photon\\assets\\css\\awesome.css": WRITE "M:\\HugoSample\\HugoSample\\themes\\photon\\assets\\css\\awesome.css": WRITE "M:\\HugoSample\\HugoSample\\themes\\photon\\assets\\css\\jquery.fancybox.css": WRITE "M:\\HugoSample\\HugoSample\\themes\\photon\\assets\\css\\jquery.fancybox.css": WRITE "M:\\HugoSample\\HugoSample\\themes\\photon\\assets\\css\\jquery.fancybox.css": WRITE "M:\\HugoSample\\HugoSample\\themes\\photon\\assets\\css\\main.css": WRITE "M:\\HugoSample\\HugoSample\\themes\\photon\\assets\\css\\main.css": WRITE "M:\\HugoSample\\HugoSample\\themes\\photon\\assets\\css\\main.css": WRITE]
LOG:   2020/03/10 21:50:50 
Change detected, rebuilding site.
LOG:   2020/03/10 21:50:50 2020-03-10 21:50:50.693 +0100
LOG:   2020/03/10 21:50:50 Total in 8 ms
INFO 2020/03/10 21:50:56 Using config file: 
INFO 2020/03/10 21:50:56 removing all files from destination that don't exist in static dirs
INFO 2020/03/10 21:50:56 syncing static files to M:\HugoSample\HugoSample\
LOG:   2020/03/10 21:50:57 Built in 1200 ms
LOG:   2020/03/10 21:50:57 Watching for config changes in M:\HugoSample\HugoSample\config\_default
INFO 2020/04/08 12:26:00 Using config file: 
INFO 2020/04/08 12:26:00 removing all files from destination that don't exist in static dirs
INFO 2020/04/08 12:26:00 syncing static files to M:\HugoSample\
LOG:   2020/04/08 12:26:23 Built in 23419 ms
LOG:   2020/04/08 12:26:23 Watching for config changes in M:\HugoSample\config\_default
INFO 2020/04/08 12:27:40 Received System Events: ["M:\\HugoSample\\content\\photo\\2018-08-24_HDRI\\index.md": WRITE "M:\\HugoSample\\content\\photo\\2018-08-24_HDRI\\index.md": WRITE "M:\\HugoSample\\content\\photo\\2018-08-24_HDRI\\index.md": WRITE]
LOG:   2020/04/08 12:27:40 
Change detected, rebuilding site.
LOG:   2020/04/08 12:27:40 2020-04-08 12:27:40.810 +0200
LOG:   2020/04/08 12:27:40 Total in 11 ms
INFO 2020/04/08 12:29:04 Received System Events: ["M:\\HugoSample\\content\\photo\\2018-08-24_HDRI\\index.md": WRITE "M:\\HugoSample\\content\\photo\\2018-08-24_HDRI\\index.md": WRITE "M:\\HugoSample\\content\\photo\\2018-08-24_HDRI\\index.md": WRITE]
LOG:   2020/04/08 12:29:04 
Change detected, rebuilding site.
LOG:   2020/04/08 12:29:04 2020-04-08 12:29:04.811 +0200
LOG:   2020/04/08 12:29:04 Total in 11 ms
